app/build/intermediates/manifest_merge_blame_file/debug/processDebugMainManifest/manifest-merger-blame-debug-report.txt
1<?xml version="1.0" encoding="utf-8"?>
2<manifest xmlns:android="http://schemas.android.com/apk/res/android"
3    package="com.example.mobapp"
4    android:versionCode="2"
5    android:versionName="2.0" >
6
7    <uses-sdk
8        android:minSdkVersion="23"
9        android:targetSdkVersion="36" />
10
11    <!-- ========================= -->
12    <!-- INTERNET -->
13    <!-- ========================= -->
14    <uses-permission android:name="android.permission.INTERNET" />
14-->src\main\AndroidManifest.xml:8:5-67
14-->src\main\AndroidManifest.xml:8:22-64
15
16    <!-- ========================= -->
17    <!-- CAMERA -->
18    <!-- ========================= -->
19    <uses-permission android:name="android.permission.CAMERA" />
19-->src\main\AndroidManifest.xml:13:5-65
19-->src\main\AndroidManifest.xml:13:22-62
20    <uses-permission android:name="android.permission.FLASHLIGHT" />
20-->src\main\AndroidManifest.xml:14:5-69
20-->src\main\AndroidManifest.xml:14:22-66
21
22    <!-- ========================= -->
23    <!-- CALL & SMS -->
24    <!-- ========================= -->
25    <uses-permission android:name="android.permission.CALL_PHONE" />
25-->src\main\AndroidManifest.xml:19:5-69
25-->src\main\AndroidManifest.xml:19:22-66
26    <uses-permission android:name="android.permission.SEND_SMS" />
26-->src\main\AndroidManifest.xml:20:5-67
26-->src\main\AndroidManifest.xml:20:22-64
27
28    <!-- ========================= -->
29    <!-- LOCATION -->
30    <!-- ========================= -->
31    <uses-permission android:name="android.permission.ACCESS_FINE_LOCATION" />
31-->src\main\AndroidManifest.xml:25:5-79
31-->src\main\AndroidManifest.xml:25:22-76
32    <uses-permission android:name="android.permission.ACCESS_COARSE_LOCATION" />
32-->src\main\AndroidManifest.xml:26:5-81
32-->src\main\AndroidManifest.xml:26:22-78
33
34    <!-- ========================= -->
35    <!-- BLUETOOTH -->
36    <!-- ========================= -->
37    <uses-permission android:name="android.permission.BLUETOOTH" />
37-->src\main\AndroidManifest.xml:31:5-68
37-->src\main\AndroidManifest.xml:31:22-65
38    <uses-permission android:name="android.permission.BLUETOOTH_ADMIN" />
38-->src\main\AndroidManifest.xml:32:5-74
38-->src\main\AndroidManifest.xml:32:22-71
39    <uses-permission android:name="android.permission.BLUETOOTH_CONNECT" />
39-->src\main\AndroidManifest.xml:33:5-76
39-->src\main\AndroidManifest.xml:33:22-73
40    <uses-permission
40-->src\main\AndroidManifest.xml:35:5-37:58
41        android:name="android.permission.BLUETOOTH_SCAN"
41-->src\main\AndroidManifest.xml:36:9-57
42        android:usesPermissionFlags="neverForLocation" />
42-->src\main\AndroidManifest.xml:37:9-55
43
44    <!-- ========================= -->
45    <!-- WIFI -->
46    <!-- ========================= -->
47    <uses-permission android:name="android.permission.ACCESS_WIFI_STATE" />
47-->src\main\AndroidManifest.xml:42:5-76
47-->src\main\AndroidManifest.xml:42:22-73
48
49    <!-- ========================= -->
50    <!-- OTHER -->
51    <!-- ========================= -->
52    <uses-permission android:name="android.permission.VIBRATE" />
52-->src\main\AndroidManifest.xml:47:5-66
52-->src\main\AndroidManifest.xml:47:22-63
53
54    <!-- ========================= -->
55    <!-- STORAGE (OLDER ANDROID) -->
56    <!-- ========================= -->
57    <uses-permission
57-->src\main\AndroidManifest.xml:52:5-54:38
58        android:name="android.permission.READ_EXTERNAL_STORAGE"
58-->src\main\AndroidManifest.xml:53:9-64
59        android:maxSdkVersion="32" />
59-->src\main\AndroidManifest.xml:54:9-35
60    <uses-permission
60-->src\main\AndroidManifest.xml:56:5-58:38
61        android:name="android.permission.WRITE_EXTERNAL_STORAGE"
61-->src\main\AndroidManifest.xml:57:9-65
62        android:maxSdkVersion="28" />
62-->src\main\AndroidManifest.xml:58:9-35
63
64    <!-- ========================= -->
65    <!-- OPTIONAL HARDWARE FEATURES -->
66    <!-- ========================= -->
67
68
69    <!-- Camera -->
70    <uses-feature
70-->src\main\AndroidManifest.xml:66:5-68:36
71        android:name="android.hardware.camera"
71-->src\main\AndroidManifest.xml:67:9-47
72        android:required="false" />
72-->src\main\AndroidManifest.xml:68:9-33
73
74    <!-- Telephony for Call / SMS -->
75    <uses-feature
75-->src\main\AndroidManifest.xml:71:5-73:36
76        android:name="android.hardware.telephony"
76-->src\main\AndroidManifest.xml:72:9-50
77        android:required="false" />
77-->src\main\AndroidManifest.xml:73:9-33
78
79    <!-- Accelerometer -->
80    <uses-feature
80-->src\main\AndroidManifest.xml:76:5-78:36
81        android:name="android.hardware.sensor.accelerometer"
81-->src\main\AndroidManifest.xml:77:9-61
82        android:required="false" />
82-->src\main\AndroidManifest.xml:78:9-33
83
84    <!-- Compass -->
85    <uses-feature
85-->src\main\AndroidManifest.xml:81:5-83:36
86        android:name="android.hardware.sensor.compass"
86-->src\main\AndroidManifest.xml:82:9-55
87        android:required="false" />
87-->src\main\AndroidManifest.xml:83:9-33
88
89    <uses-permission android:name="android.permission.ACCESS_NETWORK_STATE" />
89-->[com.google.firebase:firebase-auth:24.2.0] AndroidManifest.xml:26:5-79
89-->[com.google.firebase:firebase-auth:24.2.0] AndroidManifest.xml:26:22-76
90    <uses-permission android:name="android.permission.USE_BIOMETRIC" /> <!-- suppress DeprecatedClassUsageInspection -->
90-->[androidx.biometric:biometric:1.1.0] AndroidManifest.xml:24:5-72
90-->[androidx.biometric:biometric:1.1.0] AndroidManifest.xml:24:22-69
91    <uses-permission android:name="android.permission.USE_FINGERPRINT" />
91-->[androidx.biometric:biometric:1.1.0] AndroidManifest.xml:27:5-74
91-->[androidx.biometric:biometric:1.1.0] AndroidManifest.xml:27:22-71
92    <uses-permission android:name="android.permission.WAKE_LOCK" />
92-->[com.google.android.gms:play-services-measurement:23.2.0] AndroidManifest.xml:25:5-68
92-->[com.google.android.gms:play-services-measurement:23.2.0] AndroidManifest.xml:25:22-65
93    <uses-permission android:name="com.google.android.finsky.permission.BIND_GET_INSTALL_REFERRER_SERVICE" />
93-->[com.google.android.gms:play-services-measurement:23.2.0] AndroidManifest.xml:26:5-110
93-->[com.google.android.gms:play-services-measurement:23.2.0] AndroidManifest.xml:26:22-107
94    <uses-permission android:name="com.google.android.gms.permission.AD_ID" />
94-->[com.google.android.gms:play-services-measurement-api:23.2.0] AndroidManifest.xml:25:5-79
94-->[com.google.android.gms:play-services-measurement-api:23.2.0] AndroidManifest.xml:25:22-76
95    <uses-permission android:name="android.permission.ACCESS_ADSERVICES_ATTRIBUTION" />
95-->[com.google.android.gms:play-services-measurement-api:23.2.0] AndroidManifest.xml:26:5-88
95-->[com.google.android.gms:play-services-measurement-api:23.2.0] AndroidManifest.xml:26:22-85
96    <uses-permission android:name="android.permission.ACCESS_ADSERVICES_AD_ID" />
96-->[com.google.android.gms:play-services-measurement-api:23.2.0] AndroidManifest.xml:27:5-82
96-->[com.google.android.gms:play-services-measurement-api:23.2.0] AndroidManifest.xml:27:22-79
97    <uses-permission android:name="com.google.android.providers.gsf.permission.READ_GSERVICES" />
97-->[com.google.android.recaptcha:recaptcha:18.6.1] AndroidManifest.xml:9:5-98
97-->[com.google.android.recaptcha:recaptcha:18.6.1] AndroidManifest.xml:9:22-95
98
99    <permission
99-->[androidx.core:core:1.18.0] AndroidManifest.xml:22:5-24:47
100        android:name="com.example.mobapp.DYNAMIC_RECEIVER_NOT_EXPORTED_PERMISSION"
100-->[androidx.core:core:1.18.0] AndroidManifest.xml:23:9-81
101        android:protectionLevel="signature" />
101-->[androidx.core:core:1.18.0] AndroidManifest.xml:24:9-44
102
103    <uses-permission android:name="com.example.mobapp.DYNAMIC_RECEIVER_NOT_EXPORTED_PERMISSION" />
103-->[androidx.core:core:1.18.0] AndroidManifest.xml:26:5-97
103-->[androidx.core:core:1.18.0] AndroidManifest.xml:26:22-94
104
105    <uses-feature
105-->[com.journeyapps:zxing-android-embedded:4.3.0] AndroidManifest.xml:28:5-30:36
106        android:name="android.hardware.camera.front"
106-->[com.journeyapps:zxing-android-embedded:4.3.0] AndroidManifest.xml:29:9-53
107        android:required="false" /> <!-- TODO replace above two with next line after Android 4.2 -->
107-->[com.journeyapps:zxing-android-embedded:4.3.0] AndroidManifest.xml:30:9-33
108    <!-- <uses-feature android:name="android.hardware.camera.any"/> -->
109    <uses-feature
109-->[com.journeyapps:zxing-android-embedded:4.3.0] AndroidManifest.xml:33:5-35:36
110        android:name="android.hardware.camera.autofocus"
110-->[com.journeyapps:zxing-android-embedded:4.3.0] AndroidManifest.xml:34:9-57
111        android:required="false" />
111-->[com.journeyapps:zxing-android-embedded:4.3.0] AndroidManifest.xml:35:9-33
112    <uses-feature
112-->[com.journeyapps:zxing-android-embedded:4.3.0] AndroidManifest.xml:36:5-38:36
113        android:name="android.hardware.camera.flash"
113-->[com.journeyapps:zxing-android-embedded:4.3.0] AndroidManifest.xml:37:9-53
114        android:required="false" />
114-->[com.journeyapps:zxing-android-embedded:4.3.0] AndroidManifest.xml:38:9-33
115    <uses-feature
115-->[com.journeyapps:zxing-android-embedded:4.3.0] AndroidManifest.xml:39:5-41:36
116        android:name="android.hardware.screen.landscape"
116-->[com.journeyapps:zxing-android-embedded:4.3.0] AndroidManifest.xml:40:9-57
117        android:required="false" />
117-->[com.journeyapps:zxing-android-embedded:4.3.0] AndroidManifest.xml:41:9-33
118    <uses-feature
118-->[com.journeyapps:zxing-android-embedded:4.3.0] AndroidManifest.xml:42:5-44:36
119        android:name="android.hardware.wifi"
119-->[com.journeyapps:zxing-android-embedded:4.3.0] AndroidManifest.xml:43:9-45
120        android:required="false" /> <!-- ========================= -->
120-->[com.journeyapps:zxing-android-embedded:4.3.0] AndroidManifest.xml:44:9-33
121    <!-- APPLICATION -->
122    <!-- ========================= -->
123    <application
123-->src\main\AndroidManifest.xml:90:5-300:19
124        android:allowBackup="true"
124-->src\main\AndroidManifest.xml:91:9-35
125        android:appComponentFactory="androidx.core.app.CoreComponentFactory"
125-->[androidx.core:core:1.18.0] AndroidManifest.xml:28:18-86
126        android:debuggable="true"
127        android:extractNativeLibs="false"
128        android:icon="@mipmap/ic_launcher"
128-->src\main\AndroidManifest.xml:92:9-43
129        android:label="MobApp"
129-->src\main\AndroidManifest.xml:94:9-31
130        android:roundIcon="@mipmap/ic_launcher_round"
130-->src\main\AndroidManifest.xml:93:9-54
131        android:theme="@style/Theme.MobApp"
131-->src\main\AndroidManifest.xml:95:9-44
132        android:usesCleartextTraffic="true" >
132-->src\main\AndroidManifest.xml:96:9-44
133
134        <!-- ========================= -->
135        <!-- SPLASH / LAUNCHER -->
136        <!-- ========================= -->
137
138        <activity
138-->src\main\AndroidManifest.xml:103:9-115:20
139            android:name="com.example.mobapp.SplashActivity"
139-->src\main\AndroidManifest.xml:104:13-43
140            android:exported="true" >
140-->src\main\AndroidManifest.xml:105:13-36
141            <intent-filter>
141-->src\main\AndroidManifest.xml:107:13-113:29
142                <action android:name="android.intent.action.MAIN" />
142-->src\main\AndroidManifest.xml:109:17-69
142-->src\main\AndroidManifest.xml:109:25-66
143
144                <category android:name="android.intent.category.LAUNCHER" />
144-->src\main\AndroidManifest.xml:111:17-77
144-->src\main\AndroidManifest.xml:111:27-74
145            </intent-filter>
146        </activity>
147
148        <!-- ========================= -->
149        <!-- AUTH -->
150        <!-- ========================= -->
151
152        <activity
152-->src\main\AndroidManifest.xml:122:9-124:40
153            android:name="com.example.mobapp.AuthChoiceActivity"
153-->src\main\AndroidManifest.xml:123:13-47
154            android:exported="false" />
154-->src\main\AndroidManifest.xml:124:13-37
155        <activity
155-->src\main\AndroidManifest.xml:126:9-128:40
156            android:name="com.example.mobapp.ModeChoiceActivity"
156-->src\main\AndroidManifest.xml:127:13-47
157            android:exported="false" />
157-->src\main\AndroidManifest.xml:128:13-37
158        <activity
158-->src\main\AndroidManifest.xml:130:9-132:40
159            android:name="com.example.mobapp.OnlineRegisterActivity"
159-->src\main\AndroidManifest.xml:131:13-51
160            android:exported="false" />
160-->src\main\AndroidManifest.xml:132:13-37
161        <activity
161-->src\main\AndroidManifest.xml:134:9-136:40
162            android:name="com.example.mobapp.OnlineLoginActivity"
162-->src\main\AndroidManifest.xml:135:13-48
163            android:exported="false" />
163-->src\main\AndroidManifest.xml:136:13-37
164        <activity
164-->src\main\AndroidManifest.xml:138:9-140:40
165            android:name="com.example.mobapp.OfflineRegisterActivity"
165-->src\main\AndroidManifest.xml:139:13-52
166            android:exported="false" />
166-->src\main\AndroidManifest.xml:140:13-37
167        <activity
167-->src\main\AndroidManifest.xml:142:9-144:40
168            android:name="com.example.mobapp.OfflineLoginActivity"
168-->src\main\AndroidManifest.xml:143:13-49
169            android:exported="false" />
169-->src\main\AndroidManifest.xml:144:13-37
170
171        <!-- ========================= -->
172        <!-- CORE -->
173        <!-- ========================= -->
174
175        <activity
175-->src\main\AndroidManifest.xml:151:9-153:40
176            android:name="com.example.mobapp.DashboardActivity"
176-->src\main\AndroidManifest.xml:152:13-46
177            android:exported="false" />
177-->src\main\AndroidManifest.xml:153:13-37
178        <activity
178-->src\main\AndroidManifest.xml:155:9-157:40
179            android:name="com.example.mobapp.ProfileActivity"
179-->src\main\AndroidManifest.xml:156:13-44
180            android:exported="false" />
180-->src\main\AndroidManifest.xml:157:13-37
181
182        <!-- ========================= -->
183        <!-- TOOLS -->
184        <!-- ========================= -->
185
186        <activity
186-->src\main\AndroidManifest.xml:164:9-166:40
187            android:name="com.example.mobapp.CalculatorActivity"
187-->src\main\AndroidManifest.xml:165:13-47
188            android:exported="false" />
188-->src\main\AndroidManifest.xml:166:13-37
189        <activity
189-->src\main\AndroidManifest.xml:168:9-170:40
190            android:name="com.example.mobapp.ScientificCalcActivity"
190-->src\main\AndroidManifest.xml:169:13-51
191            android:exported="false" />
191-->src\main\AndroidManifest.xml:170:13-37
192        <activity
192-->src\main\AndroidManifest.xml:172:9-174:40
193            android:name="com.example.mobapp.BMIActivity"
193-->src\main\AndroidManifest.xml:173:13-40
194            android:exported="false" />
194-->src\main\AndroidManifest.xml:174:13-37
195        <activity
195-->src\main\AndroidManifest.xml:176:9-178:40
196            android:name="com.example.mobapp.UnitConverterActivity"
196-->src\main\AndroidManifest.xml:177:13-50
197            android:exported="false" />
197-->src\main\AndroidManifest.xml:178:13-37
198        <activity
198-->src\main\AndroidManifest.xml:180:9-182:40
199            android:name="com.example.mobapp.AgeCalculatorActivity"
199-->src\main\AndroidManifest.xml:181:13-50
200            android:exported="false" />
200-->src\main\AndroidManifest.xml:182:13-37
201        <activity
201-->src\main\AndroidManifest.xml:184:9-186:40
202            android:name="com.example.mobapp.StopwatchActivity"
202-->src\main\AndroidManifest.xml:185:13-46
203            android:exported="false" />
203-->src\main\AndroidManifest.xml:186:13-37
204
205        <!-- ========================= -->
206        <!-- HARDWARE -->
207        <!-- ========================= -->
208
209        <activity
209-->src\main\AndroidManifest.xml:193:9-195:40
210            android:name="com.example.mobapp.TorchActivity"
210-->src\main\AndroidManifest.xml:194:13-42
211            android:exported="false" />
211-->src\main\AndroidManifest.xml:195:13-37
212        <activity
212-->src\main\AndroidManifest.xml:197:9-199:40
213            android:name="com.example.mobapp.AccelerometerActivity"
213-->src\main\AndroidManifest.xml:198:13-50
214            android:exported="false" />
214-->src\main\AndroidManifest.xml:199:13-37
215        <activity
215-->src\main\AndroidManifest.xml:201:9-203:40
216            android:name="com.example.mobapp.SensorActivity"
216-->src\main\AndroidManifest.xml:202:13-43
217            android:exported="false" />
217-->src\main\AndroidManifest.xml:203:13-37
218        <activity
218-->src\main\AndroidManifest.xml:205:9-207:40
219            android:name="com.example.mobapp.CompassActivity"
219-->src\main\AndroidManifest.xml:206:13-44
220            android:exported="false" />
220-->src\main\AndroidManifest.xml:207:13-37
221        <activity
221-->src\main\AndroidManifest.xml:209:9-211:40
222            android:name="com.example.mobapp.BatteryInfoActivity"
222-->src\main\AndroidManifest.xml:210:13-48
223            android:exported="false" />
223-->src\main\AndroidManifest.xml:211:13-37
224
225        <!-- ========================= -->
226        <!-- CONNECTIVITY -->
227        <!-- ========================= -->
228
229        <activity
229-->src\main\AndroidManifest.xml:218:9-220:40
230            android:name="com.example.mobapp.BluetoothActivity"
230-->src\main\AndroidManifest.xml:219:13-46
231            android:exported="false" />
231-->src\main\AndroidManifest.xml:220:13-37
232        <activity
232-->src\main\AndroidManifest.xml:222:9-224:40
233            android:name="com.example.mobapp.WifiActivity"
233-->src\main\AndroidManifest.xml:223:13-41
234            android:exported="false" />
234-->src\main\AndroidManifest.xml:224:13-37
235
236        <!-- ========================= -->
237        <!-- MEDIA -->
238        <!-- ========================= -->
239
240        <activity
240-->src\main\AndroidManifest.xml:231:9-233:40
241            android:name="com.example.mobapp.CameraActivity"
241-->src\main\AndroidManifest.xml:232:13-43
242            android:exported="false" />
242-->src\main\AndroidManifest.xml:233:13-37
243        <activity
243-->src\main\AndroidManifest.xml:235:9-237:40
244            android:name="com.example.mobapp.MediaPlayerActivity"
244-->src\main\AndroidManifest.xml:236:13-48
245            android:exported="false" />
245-->src\main\AndroidManifest.xml:237:13-37
246        <activity
246-->src\main\AndroidManifest.xml:239:9-241:40
247            android:name="com.example.mobapp.VideoPlayerActivity"
247-->src\main\AndroidManifest.xml:240:13-48
248            android:exported="false" />
248-->src\main\AndroidManifest.xml:241:13-37
249        <activity
249-->src\main\AndroidManifest.xml:243:9-245:40
250            android:name="com.example.mobapp.QRScannerActivity"
250-->src\main\AndroidManifest.xml:244:13-46
251            android:exported="false" />
251-->src\main\AndroidManifest.xml:245:13-37
252
253        <!-- ========================= -->
254        <!-- DATA -->
255        <!-- ========================= -->
256
257        <activity
257-->src\main\AndroidManifest.xml:252:9-254:40
258            android:name="com.example.mobapp.NotesActivity"
258-->src\main\AndroidManifest.xml:253:13-42
259            android:exported="false" />
259-->src\main\AndroidManifest.xml:254:13-37
260        <activity
260-->src\main\AndroidManifest.xml:256:9-258:40
261            android:name="com.example.mobapp.SystemInfoActivity"
261-->src\main\AndroidManifest.xml:257:13-47
262            android:exported="false" />
262-->src\main\AndroidManifest.xml:258:13-37
263
264        <!-- ========================= -->
265        <!-- FUN & LEARNING -->
266        <!-- ========================= -->
267
268        <activity
268-->src\main\AndroidManifest.xml:265:9-267:40
269            android:name="com.example.mobapp.QuizActivity"
269-->src\main\AndroidManifest.xml:266:13-41
270            android:exported="false" />
270-->src\main\AndroidManifest.xml:267:13-37
271        <activity
271-->src\main\AndroidManifest.xml:269:9-271:40
272            android:name="com.example.mobapp.QuizResultActivity"
272-->src\main\AndroidManifest.xml:270:13-47
273            android:exported="false" />
273-->src\main\AndroidManifest.xml:271:13-37
274
275        <!-- ========================= -->
276        <!-- EMERGENCY -->
277        <!-- ========================= -->
278
279        <activity
279-->src\main\AndroidManifest.xml:278:9-280:40
280            android:name="com.example.mobapp.EmergencySOSActivity"
280-->src\main\AndroidManifest.xml:279:13-49
281            android:exported="false" />
281-->src\main\AndroidManifest.xml:280:13-37
282
283        <!-- ========================= -->
284        <!-- FILE PROVIDER -->
285        <!-- ========================= -->
286
287        <provider
288            android:name="androidx.core.content.FileProvider"
288-->src\main\AndroidManifest.xml:288:13-62
289            android:authorities="com.example.mobapp.provider"
289-->src\main\AndroidManifest.xml:289:13-60
290            android:exported="false"
290-->src\main\AndroidManifest.xml:290:13-37
291            android:grantUriPermissions="true" >
291-->src\main\AndroidManifest.xml:291:13-47
292            <meta-data
292-->src\main\AndroidManifest.xml:293:13-295:54
293                android:name="android.support.FILE_PROVIDER_PATHS"
293-->src\main\AndroidManifest.xml:294:17-67
294                android:resource="@xml/file_paths" />
294-->src\main\AndroidManifest.xml:295:17-51
295        </provider>
296
297        <activity
297-->[com.google.firebase:firebase-auth:24.2.0] AndroidManifest.xml:29:9-46:20
298            android:name="com.google.firebase.auth.internal.GenericIdpActivity"
298-->[com.google.firebase:firebase-auth:24.2.0] AndroidManifest.xml:30:13-80
299            android:excludeFromRecents="true"
299-->[com.google.firebase:firebase-auth:24.2.0] AndroidManifest.xml:31:13-46
300            android:exported="true"
300-->[com.google.firebase:firebase-auth:24.2.0] AndroidManifest.xml:32:13-36
301            android:launchMode="singleTask"
301-->[com.google.firebase:firebase-auth:24.2.0] AndroidManifest.xml:33:13-44
302            android:theme="@android:style/Theme.Translucent.NoTitleBar" >
302-->[com.google.firebase:firebase-auth:24.2.0] AndroidManifest.xml:34:13-72
303            <intent-filter>
303-->[com.google.firebase:firebase-auth:24.2.0] AndroidManifest.xml:35:13-45:29
304                <action android:name="android.intent.action.VIEW" />
304-->[com.google.firebase:firebase-auth:24.2.0] AndroidManifest.xml:36:17-69
304-->[com.google.firebase:firebase-auth:24.2.0] AndroidManifest.xml:36:25-66
305
306                <category android:name="android.intent.category.DEFAULT" />
306-->[com.google.firebase:firebase-auth:24.2.0] AndroidManifest.xml:38:17-76
306-->[com.google.firebase:firebase-auth:24.2.0] AndroidManifest.xml:38:27-73
307                <category android:name="android.intent.category.BROWSABLE" />
307-->[com.google.firebase:firebase-auth:24.2.0] AndroidManifest.xml:39:17-78
307-->[com.google.firebase:firebase-auth:24.2.0] AndroidManifest.xml:39:27-75
308
309                <data
309-->[com.google.firebase:firebase-auth:24.2.0] AndroidManifest.xml:41:17-44:51
310                    android:host="firebase.auth"
310-->[com.google.firebase:firebase-auth:24.2.0] AndroidManifest.xml:42:21-49
311                    android:path="/"
311-->[com.google.firebase:firebase-auth:24.2.0] AndroidManifest.xml:43:21-37
312                    android:scheme="genericidp" />
312-->[com.google.firebase:firebase-auth:24.2.0] AndroidManifest.xml:44:21-48
313            </intent-filter>
314        </activity>
315        <activity
315-->[com.google.firebase:firebase-auth:24.2.0] AndroidManifest.xml:47:9-64:20
316            android:name="com.google.firebase.auth.internal.RecaptchaActivity"
316-->[com.google.firebase:firebase-auth:24.2.0] AndroidManifest.xml:48:13-79
317            android:excludeFromRecents="true"
317-->[com.google.firebase:firebase-auth:24.2.0] AndroidManifest.xml:49:13-46
318            android:exported="true"
318-->[com.google.firebase:firebase-auth:24.2.0] AndroidManifest.xml:50:13-36
319            android:launchMode="singleTask"
319-->[com.google.firebase:firebase-auth:24.2.0] AndroidManifest.xml:51:13-44
320            android:theme="@android:style/Theme.Translucent.NoTitleBar" >
320-->[com.google.firebase:firebase-auth:24.2.0] AndroidManifest.xml:52:13-72
321            <intent-filter>
321-->[com.google.firebase:firebase-auth:24.2.0] AndroidManifest.xml:53:13-63:29
322                <action android:name="android.intent.action.VIEW" />
322-->[com.google.firebase:firebase-auth:24.2.0] AndroidManifest.xml:36:17-69
322-->[com.google.firebase:firebase-auth:24.2.0] AndroidManifest.xml:36:25-66
323
324                <category android:name="android.intent.category.DEFAULT" />
324-->[com.google.firebase:firebase-auth:24.2.0] AndroidManifest.xml:38:17-76
324-->[com.google.firebase:firebase-auth:24.2.0] AndroidManifest.xml:38:27-73
325                <category android:name="android.intent.category.BROWSABLE" />
325-->[com.google.firebase:firebase-auth:24.2.0] AndroidManifest.xml:39:17-78
325-->[com.google.firebase:firebase-auth:24.2.0] AndroidManifest.xml:39:27-75
326
327                <data
327-->[com.google.firebase:firebase-auth:24.2.0] AndroidManifest.xml:41:17-44:51
328                    android:host="firebase.auth"
328-->[com.google.firebase:firebase-auth:24.2.0] AndroidManifest.xml:42:21-49
329                    android:path="/"
329-->[com.google.firebase:firebase-auth:24.2.0] AndroidManifest.xml:43:21-37
330                    android:scheme="recaptcha" />
330-->[com.google.firebase:firebase-auth:24.2.0] AndroidManifest.xml:44:21-48
331            </intent-filter>
332        </activity>
333
334        <service
334-->[com.google.firebase:firebase-auth:24.2.0] AndroidManifest.xml:66:9-72:19
335            android:name="com.google.firebase.components.ComponentDiscoveryService"
335-->[com.google.firebase:firebase-auth:24.2.0] AndroidManifest.xml:67:13-84
336            android:directBootAware="true"
336-->[com.google.firebase:firebase-common:22.1.0] AndroidManifest.xml:32:13-43
337            android:exported="false" >
337-->[com.google.firebase:firebase-auth:24.2.0] AndroidManifest.xml:68:13-37
338            <meta-data
338-->[com.google.firebase:firebase-auth:24.2.0] AndroidManifest.xml:69:13-71:85
339                android:name="com.google.firebase.components:com.google.firebase.auth.FirebaseAuthRegistrar"
339-->[com.google.firebase:firebase-auth:24.2.0] AndroidManifest.xml:70:17-109
340                android:value="com.google.firebase.components.ComponentRegistrar" />
340-->[com.google.firebase:firebase-auth:24.2.0] AndroidManifest.xml:71:17-82
341            <meta-data
341-->[com.google.firebase:firebase-database:22.0.1] AndroidManifest.xml:29:13-31:85
342                android:name="com.google.firebase.components:com.google.firebase.database.FirebaseDatabaseKtxRegistrar"
342-->[com.google.firebase:firebase-database:22.0.1] AndroidManifest.xml:30:17-120
343                android:value="com.google.firebase.components.ComponentRegistrar" />
343-->[com.google.firebase:firebase-database:22.0.1] AndroidManifest.xml:31:17-82
344            <meta-data
344-->[com.google.firebase:firebase-database:22.0.1] AndroidManifest.xml:32:13-34:85
345                android:name="com.google.firebase.components:com.google.firebase.database.DatabaseRegistrar"
345-->[com.google.firebase:firebase-database:22.0.1] AndroidManifest.xml:33:17-109
346                android:value="com.google.firebase.components.ComponentRegistrar" />
346-->[com.google.firebase:firebase-database:22.0.1] AndroidManifest.xml:34:17-82
347            <meta-data
347-->[com.google.android.gms:play-services-measurement-api:23.2.0] AndroidManifest.xml:33:13-35:85
348                android:name="com.google.firebase.components:com.google.firebase.analytics.connector.internal.AnalyticsConnectorRegistrar"
348-->[com.google.android.gms:play-services-measurement-api:23.2.0] AndroidManifest.xml:34:17-139
349                android:value="com.google.firebase.components.ComponentRegistrar" />
349-->[com.google.android.gms:play-services-measurement-api:23.2.0] AndroidManifest.xml:35:17-82
350            <meta-data
350-->[com.google.firebase:firebase-installations:19.1.2] AndroidManifest.xml:15:13-17:85
351                android:name="com.google.firebase.components:com.google.firebase.installations.FirebaseInstallationsKtxRegistrar"
351-->[com.google.firebase:firebase-installations:19.1.2] AndroidManifest.xml:16:17-130
352                android:value="com.google.firebase.components.ComponentRegistrar" />
352-->[com.google.firebase:firebase-installations:19.1.2] AndroidManifest.xml:17:17-82
353            <meta-data
353-->[com.google.firebase:firebase-installations:19.1.2] AndroidManifest.xml:18:13-20:85
354                android:name="com.google.firebase.components:com.google.firebase.installations.FirebaseInstallationsRegistrar"
354-->[com.google.firebase:firebase-installations:19.1.2] AndroidManifest.xml:19:17-127
355                android:value="com.google.firebase.components.ComponentRegistrar" />
355-->[com.google.firebase:firebase-installations:19.1.2] AndroidManifest.xml:20:17-82
356            <meta-data
356-->[com.google.firebase:firebase-common:22.1.0] AndroidManifest.xml:35:13-37:85
357                android:name="com.google.firebase.components:com.google.firebase.FirebaseCommonKtxRegistrar"